This is pdfTeX, Version 3.14159265-2.6-1.40.21 (TeX Live 2020) (preloaded format=pdflatex 2020.5.4)  6 APR 2021 13:45
entering extended mode
 restricted \write18 enabled.
 %&-line parsing enabled.
**LaTeX_for_Beginner_169.tex
(./LaTeX_for_Beginner_169.tex
LaTeX2e <2020-02-02> patch level 5
L3 programming layer <2020-03-06> (./gshs_lecture.cls
Document Class: gshs_lecture 
(/usr/local/texlive/2020/texmf-dist/tex/latex/beamer/beamer.cls
Document Class: beamer 2019/09/29 v3.57 A class for typesetting presentations
(/usr/local/texlive/2020/texmf-dist/tex/latex/beamer/beamerbasemodes.sty
(/usr/local/texlive/2020/texmf-dist/tex/latex/etoolbox/etoolbox.sty
Package: etoolbox 2019/09/21 v2.5h e-TeX tools for LaTeX (JAW)
\etb@tempcnta=\count167
)
\beamer@tempbox=\box45
\beamer@tempcount=\count168
\c@beamerpauses=\count169

(/usr/local/texlive/2020/texmf-dist/tex/latex/beamer/beamerbasedecode.sty
\beamer@slideinframe=\count170
\beamer@minimum=\count171
\beamer@decode@box=\box46
)
\beamer@commentbox=\box47
\beamer@modecount=\count172
)
(/usr/local/texlive/2020/texmf-dist/tex/generic/iftex/ifpdf.sty
Package: ifpdf 2019/10/25 v3.4 ifpdf legacy package. Use iftex instead.

(/usr/local/texlive/2020/texmf-dist/tex/generic/iftex/iftex.sty
Package: iftex 2020/03/06 v1.0d TeX engine tests
))
\headdp=\dimen134
\footheight=\dimen135
\sidebarheight=\dimen136
\beamer@tempdim=\dimen137
\beamer@finalheight=\dimen138
\beamer@animht=\dimen139
\beamer@animdp=\dimen140
\beamer@animwd=\dimen141
\beamer@leftmargin=\dimen142
\beamer@rightmargin=\dimen143
\beamer@leftsidebar=\dimen144
\beamer@rightsidebar=\dimen145
\beamer@boxsize=\dimen146
\beamer@vboxoffset=\dimen147
\beamer@descdefault=\dimen148
\beamer@descriptionwidth=\dimen149
\beamer@lastskip=\skip47
\beamer@areabox=\box48
\beamer@animcurrent=\box49
\beamer@animshowbox=\box50
\beamer@sectionbox=\box51
\beamer@logobox=\box52
\beamer@linebox=\box53
\beamer@sectioncount=\count173
\beamer@subsubsectionmax=\count174
\beamer@subsectionmax=\count175
\beamer@sectionmax=\count176
\beamer@totalheads=\count177
\beamer@headcounter=\count178
\beamer@partstartpage=\count179
\beamer@sectionstartpage=\count180
\beamer@subsectionstartpage=\count181
\beamer@animationtempa=\count182
\beamer@animationtempb=\count183
\beamer@xpos=\count184
\beamer@ypos=\count185
\beamer@ypos@offset=\count186
\beamer@showpartnumber=\count187
\beamer@currentsubsection=\count188
\beamer@coveringdepth=\count189
\beamer@sectionadjust=\count190
\beamer@tocsectionnumber=\count191

(/usr/local/texlive/2020/texmf-dist/tex/latex/beamer/beamerbaseoptions.sty
(/usr/local/texlive/2020/texmf-dist/tex/latex/graphics/keyval.sty
Package: keyval 2014/10/28 v1.15 key=value parser (DPC)
\KV@toks@=\toks15
))
\beamer@paperwidth=\skip48
\beamer@paperheight=\skip49

(/usr/local/texlive/2020/texmf-dist/tex/latex/geometry/geometry.sty
Package: geometry 2020/01/02 v5.9 Page Geometry

(/usr/local/texlive/2020/texmf-dist/tex/generic/iftex/ifvtex.sty
Package: ifvtex 2019/10/25 v1.7 ifvtex legacy package. Use iftex instead.
)
\Gm@cnth=\count192
\Gm@cntv=\count193
\c@Gm@tempcnt=\count194
\Gm@bindingoffset=\dimen150
\Gm@wd@mp=\dimen151
\Gm@odd@mp=\dimen152
\Gm@even@mp=\dimen153
\Gm@layoutwidth=\dimen154
\Gm@layoutheight=\dimen155
\Gm@layouthoffset=\dimen156
\Gm@layoutvoffset=\dimen157
\Gm@dimlist=\toks16
)
(/usr/local/texlive/2020/texmf-dist/tex/latex/base/size11.clo
File: size11.clo 2019/12/20 v1.4l Standard LaTeX file (size option)
)
(/usr/local/texlive/2020/texmf-dist/tex/latex/pgf/basiclayer/pgfcore.sty
(/usr/local/texlive/2020/texmf-dist/tex/latex/graphics/graphicx.sty
Package: graphicx 2019/11/30 v1.2a Enhanced LaTeX Graphics (DPC,SPQR)

(/usr/local/texlive/2020/texmf-dist/tex/latex/graphics/graphics.sty
Package: graphics 2019/11/30 v1.4a Standard LaTeX Graphics (DPC,SPQR)

(/usr/local/texlive/2020/texmf-dist/tex/latex/graphics/trig.sty
Package: trig 2016/01/03 v1.10 sin cos tan (DPC)
)
(/usr/local/texlive/2020/texmf-dist/tex/latex/graphics-cfg/graphics.cfg
File: graphics.cfg 2016/06/04 v1.11 sample graphics configuration
)
Package graphics Info: Driver file: pdftex.def on input line 105.

(/usr/local/texlive/2020/texmf-dist/tex/latex/graphics-def/pdftex.def
File: pdftex.def 2018/01/08 v1.0l Graphics/color driver for pdftex
))
\Gin@req@height=\dimen158
\Gin@req@width=\dimen159
)
(/usr/local/texlive/2020/texmf-dist/tex/latex/pgf/systemlayer/pgfsys.sty
(/usr/local/texlive/2020/texmf-dist/tex/latex/pgf/utilities/pgfrcs.sty
(/usr/local/texlive/2020/texmf-dist/tex/generic/pgf/utilities/pgfutil-common.te
x
\pgfutil@everybye=\toks17
\pgfutil@tempdima=\dimen160
\pgfutil@tempdimb=\dimen161

(/usr/local/texlive/2020/texmf-dist/tex/generic/pgf/utilities/pgfutil-common-li
sts.tex))
(/usr/local/texlive/2020/texmf-dist/tex/generic/pgf/utilities/pgfutil-latex.def
\pgfutil@abb=\box54
(/usr/local/texlive/2020/texmf-dist/tex/latex/ms/everyshi.sty
Package: everyshi 2001/05/15 v3.00 EveryShipout Package (MS)
))
(/usr/local/texlive/2020/texmf-dist/tex/generic/pgf/utilities/pgfrcs.code.tex
(/usr/local/texlive/2020/texmf-dist/tex/generic/pgf/pgf.revision.tex)
Package: pgfrcs 2020/01/08 v3.1.5b (3.1.5b)
))
(/usr/local/texlive/2020/texmf-dist/tex/generic/pgf/systemlayer/pgfsys.code.tex
Package: pgfsys 2020/01/08 v3.1.5b (3.1.5b)
(/usr/local/texlive/2020/texmf-dist/tex/generic/pgf/utilities/pgfkeys.code.tex
\pgfkeys@pathtoks=\toks18
\pgfkeys@temptoks=\toks19

(/usr/local/texlive/2020/texmf-dist/tex/generic/pgf/utilities/pgfkeysfiltered.c
ode.tex
\pgfkeys@tmptoks=\toks20
))
\pgf@x=\dimen162
\pgf@y=\dimen163
\pgf@xa=\dimen164
\pgf@ya=\dimen165
\pgf@xb=\dimen166
\pgf@yb=\dimen167
\pgf@xc=\dimen168
\pgf@yc=\dimen169
\pgf@xd=\dimen170
\pgf@yd=\dimen171
\w@pgf@writea=\write3
\r@pgf@reada=\read2
\c@pgf@counta=\count195
\c@pgf@countb=\count196
\c@pgf@countc=\count197
\c@pgf@countd=\count198
\t@pgf@toka=\toks21
\t@pgf@tokb=\toks22
\t@pgf@tokc=\toks23
\pgf@sys@id@count=\count199

(/usr/local/texlive/2020/texmf-dist/tex/generic/pgf/systemlayer/pgf.cfg
File: pgf.cfg 2020/01/08 v3.1.5b (3.1.5b)
)
Driver file for pgf: pgfsys-pdftex.def

(/usr/local/texlive/2020/texmf-dist/tex/generic/pgf/systemlayer/pgfsys-pdftex.d
ef
File: pgfsys-pdftex.def 2020/01/08 v3.1.5b (3.1.5b)

(/usr/local/texlive/2020/texmf-dist/tex/generic/pgf/systemlayer/pgfsys-common-p
df.def
File: pgfsys-common-pdf.def 2020/01/08 v3.1.5b (3.1.5b)
)))
(/usr/local/texlive/2020/texmf-dist/tex/generic/pgf/systemlayer/pgfsyssoftpath.
code.tex
File: pgfsyssoftpath.code.tex 2020/01/08 v3.1.5b (3.1.5b)
\pgfsyssoftpath@smallbuffer@items=\count266
\pgfsyssoftpath@bigbuffer@items=\count267
)
(/usr/local/texlive/2020/texmf-dist/tex/generic/pgf/systemlayer/pgfsysprotocol.
code.tex
File: pgfsysprotocol.code.tex 2020/01/08 v3.1.5b (3.1.5b)
)) (/usr/local/texlive/2020/texmf-dist/tex/latex/xcolor/xcolor.sty
Package: xcolor 2016/05/11 v2.12 LaTeX color extensions (UK)

(/usr/local/texlive/2020/texmf-dist/tex/latex/graphics-cfg/color.cfg
File: color.cfg 2016/01/02 v1.6 sample color configuration
)
Package xcolor Info: Driver file: pdftex.def on input line 225.
Package xcolor Info: Model `cmy' substituted by `cmy0' on input line 1348.
Package xcolor Info: Model `hsb' substituted by `rgb' on input line 1352.
Package xcolor Info: Model `RGB' extended on input line 1364.
Package xcolor Info: Model `HTML' substituted by `rgb' on input line 1366.
Package xcolor Info: Model `Hsb' substituted by `hsb' on input line 1367.
Package xcolor Info: Model `tHsb' substituted by `hsb' on input line 1368.
Package xcolor Info: Model `HSB' substituted by `hsb' on input line 1369.
Package xcolor Info: Model `Gray' substituted by `gray' on input line 1370.
Package xcolor Info: Model `wave' substituted by `hsb' on input line 1371.
)
(/usr/local/texlive/2020/texmf-dist/tex/generic/pgf/basiclayer/pgfcore.code.tex
Package: pgfcore 2020/01/08 v3.1.5b (3.1.5b)
(/usr/local/texlive/2020/texmf-dist/tex/generic/pgf/math/pgfmath.code.tex
(/usr/local/texlive/2020/texmf-dist/tex/generic/pgf/math/pgfmathcalc.code.tex
(/usr/local/texlive/2020/texmf-dist/tex/generic/pgf/math/pgfmathutil.code.tex)
(/usr/local/texlive/2020/texmf-dist/tex/generic/pgf/math/pgfmathparser.code.tex
\pgfmath@dimen=\dimen172
\pgfmath@count=\count268
\pgfmath@box=\box55
\pgfmath@toks=\toks24
\pgfmath@stack@operand=\toks25
\pgfmath@stack@operation=\toks26
)
(/usr/local/texlive/2020/texmf-dist/tex/generic/pgf/math/pgfmathfunctions.code.
tex
(/usr/local/texlive/2020/texmf-dist/tex/generic/pgf/math/pgfmathfunctions.basic
.code.tex)
(/usr/local/texlive/2020/texmf-dist/tex/generic/pgf/math/pgfmathfunctions.trigo
nometric.code.tex)
(/usr/local/texlive/2020/texmf-dist/tex/generic/pgf/math/pgfmathfunctions.rando
m.code.tex)
(/usr/local/texlive/2020/texmf-dist/tex/generic/pgf/math/pgfmathfunctions.compa
rison.code.tex)
(/usr/local/texlive/2020/texmf-dist/tex/generic/pgf/math/pgfmathfunctions.base.
code.tex)
(/usr/local/texlive/2020/texmf-dist/tex/generic/pgf/math/pgfmathfunctions.round
.code.tex)
(/usr/local/texlive/2020/texmf-dist/tex/generic/pgf/math/pgfmathfunctions.misc.
code.tex)
(/usr/local/texlive/2020/texmf-dist/tex/generic/pgf/math/pgfmathfunctions.integ
erarithmetics.code.tex)))
(/usr/local/texlive/2020/texmf-dist/tex/generic/pgf/math/pgfmathfloat.code.tex
\c@pgfmathroundto@lastzeros=\count269
)) (/usr/local/texlive/2020/texmf-dist/tex/generic/pgf/math/pgfint.code.tex)
(/usr/local/texlive/2020/texmf-dist/tex/generic/pgf/basiclayer/pgfcorepoints.co
de.tex
File: pgfcorepoints.code.tex 2020/01/08 v3.1.5b (3.1.5b)
\pgf@picminx=\dimen173
\pgf@picmaxx=\dimen174
\pgf@picminy=\dimen175
\pgf@picmaxy=\dimen176
\pgf@pathminx=\dimen177
\pgf@pathmaxx=\dimen178
\pgf@pathminy=\dimen179
\pgf@pathmaxy=\dimen180
\pgf@xx=\dimen181
\pgf@xy=\dimen182
\pgf@yx=\dimen183
\pgf@yy=\dimen184
\pgf@zx=\dimen185
\pgf@zy=\dimen186
)
(/usr/local/texlive/2020/texmf-dist/tex/generic/pgf/basiclayer/pgfcorepathconst
ruct.code.tex
File: pgfcorepathconstruct.code.tex 2020/01/08 v3.1.5b (3.1.5b)
\pgf@path@lastx=\dimen187
\pgf@path@lasty=\dimen188
)
(/usr/local/texlive/2020/texmf-dist/tex/generic/pgf/basiclayer/pgfcorepathusage
.code.tex
File: pgfcorepathusage.code.tex 2020/01/08 v3.1.5b (3.1.5b)
\pgf@shorten@end@additional=\dimen189
\pgf@shorten@start@additional=\dimen190
)
(/usr/local/texlive/2020/texmf-dist/tex/generic/pgf/basiclayer/pgfcorescopes.co
de.tex
File: pgfcorescopes.code.tex 2020/01/08 v3.1.5b (3.1.5b)
\pgfpic=\box56
\pgf@hbox=\box57
\pgf@layerbox@main=\box58
\pgf@picture@serial@count=\count270
)
(/usr/local/texlive/2020/texmf-dist/tex/generic/pgf/basiclayer/pgfcoregraphicst
ate.code.tex
File: pgfcoregraphicstate.code.tex 2020/01/08 v3.1.5b (3.1.5b)
\pgflinewidth=\dimen191
)
(/usr/local/texlive/2020/texmf-dist/tex/generic/pgf/basiclayer/pgfcoretransform
ations.code.tex
File: pgfcoretransformations.code.tex 2020/01/08 v3.1.5b (3.1.5b)
\pgf@pt@x=\dimen192
\pgf@pt@y=\dimen193
\pgf@pt@temp=\dimen194
)
(/usr/local/texlive/2020/texmf-dist/tex/generic/pgf/basiclayer/pgfcorequick.cod
e.tex
File: pgfcorequick.code.tex 2020/01/08 v3.1.5b (3.1.5b)
)
(/usr/local/texlive/2020/texmf-dist/tex/generic/pgf/basiclayer/pgfcoreobjects.c
ode.tex
File: pgfcoreobjects.code.tex 2020/01/08 v3.1.5b (3.1.5b)
)
(/usr/local/texlive/2020/texmf-dist/tex/generic/pgf/basiclayer/pgfcorepathproce
ssing.code.tex
File: pgfcorepathprocessing.code.tex 2020/01/08 v3.1.5b (3.1.5b)
)
(/usr/local/texlive/2020/texmf-dist/tex/generic/pgf/basiclayer/pgfcorearrows.co
de.tex
File: pgfcorearrows.code.tex 2020/01/08 v3.1.5b (3.1.5b)
\pgfarrowsep=\dimen195
)
(/usr/local/texlive/2020/texmf-dist/tex/generic/pgf/basiclayer/pgfcoreshade.cod
e.tex
File: pgfcoreshade.code.tex 2020/01/08 v3.1.5b (3.1.5b)
\pgf@max=\dimen196
\pgf@sys@shading@range@num=\count271
\pgf@shadingcount=\count272
)
(/usr/local/texlive/2020/texmf-dist/tex/generic/pgf/basiclayer/pgfcoreimage.cod
e.tex
File: pgfcoreimage.code.tex 2020/01/08 v3.1.5b (3.1.5b)

(/usr/local/texlive/2020/texmf-dist/tex/generic/pgf/basiclayer/pgfcoreexternal.
code.tex
File: pgfcoreexternal.code.tex 2020/01/08 v3.1.5b (3.1.5b)
\pgfexternal@startupbox=\box59
))
(/usr/local/texlive/2020/texmf-dist/tex/generic/pgf/basiclayer/pgfcorelayers.co
de.tex
File: pgfcorelayers.code.tex 2020/01/08 v3.1.5b (3.1.5b)
)
(/usr/local/texlive/2020/texmf-dist/tex/generic/pgf/basiclayer/pgfcoretranspare
ncy.code.tex
File: pgfcoretransparency.code.tex 2020/01/08 v3.1.5b (3.1.5b)
)
(/usr/local/texlive/2020/texmf-dist/tex/generic/pgf/basiclayer/pgfcorepatterns.
code.tex
File: pgfcorepatterns.code.tex 2020/01/08 v3.1.5b (3.1.5b)
)
(/usr/local/texlive/2020/texmf-dist/tex/generic/pgf/basiclayer/pgfcorerdf.code.
tex
File: pgfcorerdf.code.tex 2020/01/08 v3.1.5b (3.1.5b)
))) (/usr/local/texlive/2020/texmf-dist/tex/latex/pgf/utilities/xxcolor.sty
Package: xxcolor 2003/10/24 ver 0.1
\XC@nummixins=\count273
\XC@countmixins=\count274
) (/usr/local/texlive/2020/texmf-dist/tex/generic/atbegshi/atbegshi.sty
Package: atbegshi 2019/12/05 v1.19 At begin shipout hook (HO)

(/usr/local/texlive/2020/texmf-dist/tex/generic/infwarerr/infwarerr.sty
Package: infwarerr 2019/12/03 v1.5 Providing info/warning/error messages (HO)
)
(/usr/local/texlive/2020/texmf-dist/tex/generic/ltxcmds/ltxcmds.sty
Package: ltxcmds 2019/12/15 v1.24 LaTeX kernel commands for general use (HO)
))
(/usr/local/texlive/2020/texmf-dist/tex/latex/hyperref/hyperref.sty
Package: hyperref 2020/01/14 v7.00d Hypertext links for LaTeX

(/usr/local/texlive/2020/texmf-dist/tex/latex/pdftexcmds/pdftexcmds.sty
Package: pdftexcmds 2019/11/24 v0.31 Utility functions of pdfTeX for LuaTeX (HO
)
Package pdftexcmds Info: \pdf@primitive is available.
Package pdftexcmds Info: \pdf@ifprimitive is available.
Package pdftexcmds Info: \pdfdraftmode found.
)
(/usr/local/texlive/2020/texmf-dist/tex/generic/kvsetkeys/kvsetkeys.sty
Package: kvsetkeys 2019/12/15 v1.18 Key value parser (HO)
)
(/usr/local/texlive/2020/texmf-dist/tex/generic/kvdefinekeys/kvdefinekeys.sty
Package: kvdefinekeys 2019-12-19 v1.6 Define keys (HO)
)
(/usr/local/texlive/2020/texmf-dist/tex/generic/pdfescape/pdfescape.sty
Package: pdfescape 2019/12/09 v1.15 Implements pdfTeX's escape features (HO)
)
(/usr/local/texlive/2020/texmf-dist/tex/latex/hycolor/hycolor.sty
Package: hycolor 2020-01-27 v1.10 Color options for hyperref/bookmark (HO)
)
(/usr/local/texlive/2020/texmf-dist/tex/latex/letltxmacro/letltxmacro.sty
Package: letltxmacro 2019/12/03 v1.6 Let assignment for LaTeX macros (HO)
)
(/usr/local/texlive/2020/texmf-dist/tex/latex/auxhook/auxhook.sty
Package: auxhook 2019-12-17 v1.6 Hooks for auxiliary files (HO)
)
(/usr/local/texlive/2020/texmf-dist/tex/latex/kvoptions/kvoptions.sty
Package: kvoptions 2019/11/29 v3.13 Key value format for package options (HO)
)
\@linkdim=\dimen197
\Hy@linkcounter=\count275
\Hy@pagecounter=\count276

(/usr/local/texlive/2020/texmf-dist/tex/latex/hyperref/pd1enc.def
File: pd1enc.def 2020/01/14 v7.00d Hyperref: PDFDocEncoding definition (HO)
Now handling font encoding PD1 ...
... no UTF-8 mapping file for font encoding PD1
)
(/usr/local/texlive/2020/texmf-dist/tex/generic/intcalc/intcalc.sty
Package: intcalc 2019/12/15 v1.3 Expandable calculations with integers (HO)
)
(/usr/local/texlive/2020/texmf-dist/tex/generic/etexcmds/etexcmds.sty
Package: etexcmds 2019/12/15 v1.7 Avoid name clashes with e-TeX commands (HO)
)
\Hy@SavedSpaceFactor=\count277
Package hyperref Info: Option `bookmarks' set `true' on input line 4421.
Package hyperref Info: Option `bookmarksopen' set `true' on input line 4421.
Package hyperref Info: Option `implicit' set `false' on input line 4421.
Package hyperref Info: Hyper figures OFF on input line 4547.
Package hyperref Info: Link nesting OFF on input line 4552.
Package hyperref Info: Hyper index ON on input line 4555.
Package hyperref Info: Plain pages OFF on input line 4562.
Package hyperref Info: Backreferencing OFF on input line 4567.
Package hyperref Info: Implicit mode OFF; no redefinition of LaTeX internals.
Package hyperref Info: Bookmarks ON on input line 4800.
\c@Hy@tempcnt=\count278

(/usr/local/texlive/2020/texmf-dist/tex/latex/url/url.sty
\Urlmuskip=\muskip16
Package: url 2013/09/16  ver 3.4  Verb mode for urls, etc.
)
LaTeX Info: Redefining \url on input line 5159.
\XeTeXLinkMargin=\dimen198

(/usr/local/texlive/2020/texmf-dist/tex/generic/bitset/bitset.sty
Package: bitset 2019/12/09 v1.3 Handle bit-vector datatype (HO)

(/usr/local/texlive/2020/texmf-dist/tex/generic/bigintcalc/bigintcalc.sty
Package: bigintcalc 2019/12/15 v1.5 Expandable calculations on big integers (HO
)
))
\Fld@menulength=\count279
\Field@Width=\dimen199
\Fld@charsize=\dimen256
Package hyperref Info: Hyper figures OFF on input line 6430.
Package hyperref Info: Link nesting OFF on input line 6435.
Package hyperref Info: Hyper index ON on input line 6438.
Package hyperref Info: backreferencing OFF on input line 6445.
Package hyperref Info: Link coloring OFF on input line 6450.
Package hyperref Info: Link coloring with OCG OFF on input line 6455.
Package hyperref Info: PDF/A mode OFF on input line 6460.
LaTeX Info: Redefining \ref on input line 6500.
LaTeX Info: Redefining \pageref on input line 6504.
\Hy@abspage=\count280


Package hyperref Message: Stopped early.

)
Package hyperref Info: Driver (autodetected): hpdftex.
 (/usr/local/texlive/2020/texmf-dist/tex/latex/hyperref/hpdftex.def
File: hpdftex.def 2020/01/14 v7.00d Hyperref driver for pdfTeX

(/usr/local/texlive/2020/texmf-dist/tex/latex/atveryend/atveryend.sty
Package: atveryend 2019-12-11 v1.11 Hooks at the very end of document (HO)
)
\Fld@listcount=\count281
\c@bookmark@seq@number=\count282

(/usr/local/texlive/2020/texmf-dist/tex/latex/rerunfilecheck/rerunfilecheck.sty
Package: rerunfilecheck 2019/12/05 v1.9 Rerun checks for auxiliary files (HO)

(/usr/local/texlive/2020/texmf-dist/tex/generic/uniquecounter/uniquecounter.sty
Package: uniquecounter 2019/12/15 v1.4 Provide unlimited unique counter (HO)
)
Package uniquecounter Info: New unique counter `rerunfilecheck' on input line 2
86.
)) (/usr/local/texlive/2020/texmf-dist/tex/latex/beamer/beamerbaserequires.sty
(/usr/local/texlive/2020/texmf-dist/tex/latex/beamer/beamerbasecompatibility.st
y) (/usr/local/texlive/2020/texmf-dist/tex/latex/beamer/beamerbasefont.sty
(/usr/local/texlive/2020/texmf-dist/tex/latex/amsfonts/amssymb.sty
Package: amssymb 2013/01/14 v3.01 AMS font symbols

(/usr/local/texlive/2020/texmf-dist/tex/latex/amsfonts/amsfonts.sty
Package: amsfonts 2013/01/14 v3.01 Basic AMSFonts support
\@emptytoks=\toks27
\symAMSa=\mathgroup4
\symAMSb=\mathgroup5
LaTeX Font Info:    Redeclaring math symbol \hbar on input line 98.
LaTeX Font Info:    Overwriting math alphabet `\mathfrak' in version `bold'
(Font)                  U/euf/m/n --> U/euf/b/n on input line 106.
))
(/usr/local/texlive/2020/texmf-dist/tex/latex/sansmathaccent/sansmathaccent.sty
Package: sansmathaccent 2020/01/31
(/usr/local/texlive/2020/texmf-dist/tex/latex/koma-script/scrlfile.sty
Package: scrlfile 2020/01/24 v3.29 KOMA-Script package (loading files)
)))
(/usr/local/texlive/2020/texmf-dist/tex/latex/beamer/beamerbasetranslator.sty
(/usr/local/texlive/2020/texmf-dist/tex/latex/translator/translator.sty
Package: translator 2019-05-31 v1.12a Easy translation of strings in LaTeX
))
(/usr/local/texlive/2020/texmf-dist/tex/latex/beamer/beamerbasemisc.sty)
(/usr/local/texlive/2020/texmf-dist/tex/latex/beamer/beamerbasetwoscreens.sty)
(/usr/local/texlive/2020/texmf-dist/tex/latex/beamer/beamerbaseoverlay.sty
\beamer@argscount=\count283
\beamer@lastskipcover=\skip50
\beamer@trivlistdepth=\count284
)
(/usr/local/texlive/2020/texmf-dist/tex/latex/beamer/beamerbasetitle.sty)
(/usr/local/texlive/2020/texmf-dist/tex/latex/beamer/beamerbasesection.sty
\c@lecture=\count285
\c@part=\count286
\c@section=\count287
\c@subsection=\count288
\c@subsubsection=\count289
)
(/usr/local/texlive/2020/texmf-dist/tex/latex/beamer/beamerbaseframe.sty
\beamer@framebox=\box60
\beamer@frametitlebox=\box61
\beamer@zoombox=\box62
\beamer@zoomcount=\count290
\beamer@zoomframecount=\count291
\beamer@frametextheight=\dimen257
\c@subsectionslide=\count292
\beamer@frametopskip=\skip51
\beamer@framebottomskip=\skip52
\beamer@frametopskipautobreak=\skip53
\beamer@framebottomskipautobreak=\skip54
\beamer@envbody=\toks28
\framewidth=\dimen258
\c@framenumber=\count293
)
(/usr/local/texlive/2020/texmf-dist/tex/latex/beamer/beamerbaseverbatim.sty
\beamer@verbatimfileout=\write4
)
(/usr/local/texlive/2020/texmf-dist/tex/latex/beamer/beamerbaseframesize.sty
\beamer@splitbox=\box63
\beamer@autobreakcount=\count294
\beamer@autobreaklastheight=\dimen259
\beamer@frametitletoks=\toks29
\beamer@framesubtitletoks=\toks30
)
(/usr/local/texlive/2020/texmf-dist/tex/latex/beamer/beamerbaseframecomponents.
sty
\beamer@footins=\box64
) (/usr/local/texlive/2020/texmf-dist/tex/latex/beamer/beamerbasecolor.sty)
(/usr/local/texlive/2020/texmf-dist/tex/latex/beamer/beamerbasenotes.sty
\beamer@frameboxcopy=\box65
)
(/usr/local/texlive/2020/texmf-dist/tex/latex/beamer/beamerbasetoc.sty)
(/usr/local/texlive/2020/texmf-dist/tex/latex/beamer/beamerbasetemplates.sty
\beamer@sbttoks=\toks31

(/usr/local/texlive/2020/texmf-dist/tex/latex/beamer/beamerbaseauxtemplates.sty
(/usr/local/texlive/2020/texmf-dist/tex/latex/beamer/beamerbaseboxes.sty
\bmb@box=\box66
\bmb@colorbox=\box67
\bmb@boxshadow=\box68
\bmb@boxshadowball=\box69
\bmb@boxshadowballlarge=\box70
\bmb@temp=\dimen260
\bmb@dima=\dimen261
\bmb@dimb=\dimen262
\bmb@prevheight=\dimen263
)
\beamer@blockheadheight=\dimen264
))
(/usr/local/texlive/2020/texmf-dist/tex/latex/beamer/beamerbaselocalstructure.s
ty (/usr/local/texlive/2020/texmf-dist/tex/latex/tools/enumerate.sty
Package: enumerate 2015/07/23 v3.00 enumerate extensions (DPC)
\@enLab=\toks32
)
\c@figure=\count295
\c@table=\count296
\abovecaptionskip=\skip55
\belowcaptionskip=\skip56
)
(/usr/local/texlive/2020/texmf-dist/tex/latex/beamer/beamerbasenavigation.sty
\beamer@section@min@dim=\dimen265
)
(/usr/local/texlive/2020/texmf-dist/tex/latex/beamer/beamerbasetheorems.sty
(/usr/local/texlive/2020/texmf-dist/tex/latex/amsmath/amsmath.sty
Package: amsmath 2020/01/20 v2.17e AMS math features
\@mathmargin=\skip57

For additional information on amsmath, use the `?' option.
(/usr/local/texlive/2020/texmf-dist/tex/latex/amsmath/amstext.sty
Package: amstext 2000/06/29 v2.01 AMS text

(/usr/local/texlive/2020/texmf-dist/tex/latex/amsmath/amsgen.sty
File: amsgen.sty 1999/11/30 v2.0 generic functions
\@emptytoks=\toks33
\ex@=\dimen266
))
(/usr/local/texlive/2020/texmf-dist/tex/latex/amsmath/amsbsy.sty
Package: amsbsy 1999/11/29 v1.2d Bold Symbols
\pmbraise@=\dimen267
)
(/usr/local/texlive/2020/texmf-dist/tex/latex/amsmath/amsopn.sty
Package: amsopn 2016/03/08 v2.02 operator names
)
\inf@bad=\count297
LaTeX Info: Redefining \frac on input line 227.
\uproot@=\count298
\leftroot@=\count299
LaTeX Info: Redefining \overline on input line 389.
\classnum@=\count300
\DOTSCASE@=\count301
LaTeX Info: Redefining \ldots on input line 486.
LaTeX Info: Redefining \dots on input line 489.
LaTeX Info: Redefining \cdots on input line 610.
\Mathstrutbox@=\box71
\strutbox@=\box72
\big@size=\dimen268
LaTeX Font Info:    Redeclaring font encoding OML on input line 733.
LaTeX Font Info:    Redeclaring font encoding OMS on input line 734.
\macc@depth=\count302
\c@MaxMatrixCols=\count303
\dotsspace@=\muskip17
\c@parentequation=\count304
\dspbrk@lvl=\count305
\tag@help=\toks34
\row@=\count306
\column@=\count307
\maxfields@=\count308
\andhelp@=\toks35
\eqnshift@=\dimen269
\alignsep@=\dimen270
\tagshift@=\dimen271
\tagwidth@=\dimen272
\totwidth@=\dimen273
\lineht@=\dimen274
\@envbody=\toks36
\multlinegap=\skip58
\multlinetaggap=\skip59
\mathdisplay@stack=\toks37
LaTeX Info: Redefining \[ on input line 2859.
LaTeX Info: Redefining \] on input line 2860.
)
(/usr/local/texlive/2020/texmf-dist/tex/latex/amscls/amsthm.sty
Package: amsthm 2017/10/31 v2.20.4
\thm@style=\toks38
\thm@bodyfont=\toks39
\thm@headfont=\toks40
\thm@notefont=\toks41
\thm@headpunct=\toks42
\thm@preskip=\skip60
\thm@postskip=\skip61
\thm@headsep=\skip62
\dth@everypar=\toks43
)
\c@theorem=\count309
)
(/usr/local/texlive/2020/texmf-dist/tex/latex/beamer/beamerbasethemes.sty))
(/usr/local/texlive/2020/texmf-dist/tex/latex/beamer/beamerthemedefault.sty
(/usr/local/texlive/2020/texmf-dist/tex/latex/beamer/beamerfontthemedefault.sty
)
(/usr/local/texlive/2020/texmf-dist/tex/latex/beamer/beamercolorthemedefault.st
y)
(/usr/local/texlive/2020/texmf-dist/tex/latex/beamer/beamerinnerthemedefault.st
y
\beamer@dima=\dimen275
\beamer@dimb=\dimen276
)
(/usr/local/texlive/2020/texmf-dist/tex/latex/beamer/beamerouterthemedefault.st
y)))
(/usr/local/texlive/2020/texmf-dist/tex/latex/beamer/beamerthemeBerkeley.sty
(/usr/local/texlive/2020/texmf-dist/tex/latex/beamer/beamerouterthemesidebar.st
y
\beamer@sidebarwidth=\dimen277
\beamer@headheight=\dimen278
)
(/usr/local/texlive/2020/texmf-dist/tex/latex/beamer/beamerinnerthemerectangles
.sty)
(/usr/local/texlive/2020/texmf-dist/tex/latex/beamer/beamercolorthemewhale.sty)

(/usr/local/texlive/2020/texmf-dist/tex/latex/beamer/beamercolorthemeorchid.sty
)) (/usr/local/texlive/2020/texmf-dist/tex/latex/cjk-ko/kotex.sty
Package: kotex 2015/04/19 v1.6 Korean TeX (ko.TeX)

(/usr/local/texlive/2020/texmf-dist/tex/latex/kotex-utf/kotex.cfg)
(/usr/local/texlive/2020/texmf-dist/tex/latex/kotex-utf/kotexutf.sty
Package: kotexutf 2015/07/18 v2.1.1 typesetting UTF-8 Korean documents

(/usr/local/texlive/2020/texmf-dist/tex/latex/base/inputenc.sty
Package: inputenc 2018/08/11 v1.3c Input encoding file
\inpenc@prehook=\toks44
\inpenc@posthook=\toks45
)
(/usr/local/texlive/2020/texmf-dist/tex/plain/kotex-plain/kotexutf-core.tex
\unih@ngulpoint=\count310
\dhucs@emph@raise=\dimen279
)
Now handling font encoding LUC ...
... processing UTF-8 mapping file for font encoding LUC

(/usr/local/texlive/2020/texmf-dist/tex/latex/kotex-utf/lucenc.dfu
File: lucenc.dfu 2007/09/05 UTF-8 support for dhucs
   defining Unicode char U+00B7 (decimal 183)
   defining Unicode char U+2018 (decimal 8216)
   defining Unicode char U+2019 (decimal 8217)
   defining Unicode char U+201C (decimal 8220)
   defining Unicode char U+201D (decimal 8221)
   defining Unicode char U+3001 (decimal 12289)
   defining Unicode char U+3002 (decimal 12290)
   defining Unicode char U+3008 (decimal 12296)
   defining Unicode char U+3009 (decimal 12297)
   defining Unicode char U+300A (decimal 12298)
   defining Unicode char U+300B (decimal 12299)
   defining Unicode char U+300C (decimal 12300)
   defining Unicode char U+300D (decimal 12301)
   defining Unicode char U+300E (decimal 12302)
   defining Unicode char U+300F (decimal 12303)
   defining Unicode char U+3010 (decimal 12304)
   defining Unicode char U+3011 (decimal 12305)
   defining Unicode char U+3014 (decimal 12308)
   defining Unicode char U+3015 (decimal 12309)
   defining Unicode char U+3016 (decimal 12310)
   defining Unicode char U+3017 (decimal 12311)
   defining Unicode char U+3018 (decimal 12312)
   defining Unicode char U+3019 (decimal 12313)
   defining Unicode char U+301A (decimal 12314)
   defining Unicode char U+301B (decimal 12315)
   defining Unicode char U+FF01 (decimal 65281)
   defining Unicode char U+FF08 (decimal 65288)
   defining Unicode char U+FF09 (decimal 65289)
   defining Unicode char U+FF0C (decimal 65292)
   defining Unicode char U+FF0E (decimal 65294)
   defining Unicode char U+FF1A (decimal 65306)
   defining Unicode char U+FF1B (decimal 65307)
   defining Unicode char U+FF1C (decimal 65308)
   defining Unicode char U+FF1D (decimal 65309)
   defining Unicode char U+FF1E (decimal 65310)
   defining Unicode char U+FF1F (decimal 65311)
   defining Unicode char U+FF3B (decimal 65339)
   defining Unicode char U+FF3D (decimal 65341)
   defining Unicode char U+FF5B (decimal 65371)
   defining Unicode char U+FF5D (decimal 65373)
   defining Unicode char U+FF61 (decimal 65377)
   defining Unicode char U+FF62 (decimal 65378)
   defining Unicode char U+FF63 (decimal 65379)
   defining Unicode char U+FF64 (decimal 65380)
   defining Unicode char U+FF65 (decimal 65381)
)
\@josa=\count311
\josatoks=\toks46

(/usr/local/texlive/2020/texmf-dist/tex/latex/cjk-ko/kolabels-utf.sty
Package: kolabels-utf 2015/03/20 v1.5 UTF-8 Hangul item labels
)))
(/usr/local/texlive/2020/texmf-dist/tex/latex/pgf/frontendlayer/tikz.sty
(/usr/local/texlive/2020/texmf-dist/tex/latex/pgf/basiclayer/pgf.sty
Package: pgf 2020/01/08 v3.1.5b (3.1.5b)

(/usr/local/texlive/2020/texmf-dist/tex/generic/pgf/modules/pgfmoduleshapes.cod
e.tex
File: pgfmoduleshapes.code.tex 2020/01/08 v3.1.5b (3.1.5b)
\pgfnodeparttextbox=\box73
)
(/usr/local/texlive/2020/texmf-dist/tex/generic/pgf/modules/pgfmoduleplot.code.
tex
File: pgfmoduleplot.code.tex 2020/01/08 v3.1.5b (3.1.5b)
)
(/usr/local/texlive/2020/texmf-dist/tex/latex/pgf/compatibility/pgfcomp-version
-0-65.sty
Package: pgfcomp-version-0-65 2020/01/08 v3.1.5b (3.1.5b)
\pgf@nodesepstart=\dimen280
\pgf@nodesepend=\dimen281
)
(/usr/local/texlive/2020/texmf-dist/tex/latex/pgf/compatibility/pgfcomp-version
-1-18.sty
Package: pgfcomp-version-1-18 2020/01/08 v3.1.5b (3.1.5b)
))
(/usr/local/texlive/2020/texmf-dist/tex/latex/pgf/utilities/pgffor.sty
(/usr/local/texlive/2020/texmf-dist/tex/latex/pgf/utilities/pgfkeys.sty
(/usr/local/texlive/2020/texmf-dist/tex/generic/pgf/utilities/pgfkeys.code.tex)
) (/usr/local/texlive/2020/texmf-dist/tex/latex/pgf/math/pgfmath.sty
(/usr/local/texlive/2020/texmf-dist/tex/generic/pgf/math/pgfmath.code.tex))
(/usr/local/texlive/2020/texmf-dist/tex/generic/pgf/utilities/pgffor.code.tex
Package: pgffor 2020/01/08 v3.1.5b (3.1.5b)

(/usr/local/texlive/2020/texmf-dist/tex/generic/pgf/math/pgfmath.code.tex)
\pgffor@iter=\dimen282
\pgffor@skip=\dimen283
\pgffor@stack=\toks47
\pgffor@toks=\toks48
))
(/usr/local/texlive/2020/texmf-dist/tex/generic/pgf/frontendlayer/tikz/tikz.cod
e.tex
Package: tikz 2020/01/08 v3.1.5b (3.1.5b)

(/usr/local/texlive/2020/texmf-dist/tex/generic/pgf/libraries/pgflibraryplothan
dlers.code.tex
File: pgflibraryplothandlers.code.tex 2020/01/08 v3.1.5b (3.1.5b)
\pgf@plot@mark@count=\count312
\pgfplotmarksize=\dimen284
)
\tikz@lastx=\dimen285
\tikz@lasty=\dimen286
\tikz@lastxsaved=\dimen287
\tikz@lastysaved=\dimen288
\tikz@lastmovetox=\dimen289
\tikz@lastmovetoy=\dimen290
\tikzleveldistance=\dimen291
\tikzsiblingdistance=\dimen292
\tikz@figbox=\box74
\tikz@figbox@bg=\box75
\tikz@tempbox=\box76
\tikz@tempbox@bg=\box77
\tikztreelevel=\count313
\tikznumberofchildren=\count314
\tikznumberofcurrentchild=\count315
\tikz@fig@count=\count316

(/usr/local/texlive/2020/texmf-dist/tex/generic/pgf/modules/pgfmodulematrix.cod
e.tex
File: pgfmodulematrix.code.tex 2020/01/08 v3.1.5b (3.1.5b)
\pgfmatrixcurrentrow=\count317
\pgfmatrixcurrentcolumn=\count318
\pgf@matrix@numberofcolumns=\count319
)
\tikz@expandcount=\count320

(/usr/local/texlive/2020/texmf-dist/tex/generic/pgf/frontendlayer/tikz/librarie
s/tikzlibrarytopaths.code.tex
File: tikzlibrarytopaths.code.tex 2020/01/08 v3.1.5b (3.1.5b)
)))
(/usr/local/texlive/2020/texmf-dist/tex/latex/listings/listings.sty
\lst@mode=\count321
\lst@gtempboxa=\box78
\lst@token=\toks49
\lst@length=\count322
\lst@currlwidth=\dimen293
\lst@column=\count323
\lst@pos=\count324
\lst@lostspace=\dimen294
\lst@width=\dimen295
\lst@newlines=\count325
\lst@lineno=\count326
\lst@maxwidth=\dimen296

(/usr/local/texlive/2020/texmf-dist/tex/latex/listings/lstmisc.sty
File: lstmisc.sty 2020/03/24 1.8d (Carsten Heinz)
\c@lstnumber=\count327
\lst@skipnumbers=\count328
\lst@framebox=\box79
)
(/usr/local/texlive/2020/texmf-dist/tex/latex/listings/listings.cfg
File: listings.cfg 2020/03/24 1.8d listings configuration
))
Package: listings 2020/03/24 1.8d (Carsten Heinz)

(/usr/local/texlive/2020/texmf-dist/tex/latex/listings/lstlang1.sty
File: lstlang1.sty 2020/03/24 1.8d listings language file
)
(/usr/local/texlive/2020/texmf-dist/tex/latex/listings/lstlang2.sty
File: lstlang2.sty 2020/03/24 1.8d listings language file
)
(/usr/local/texlive/2020/texmf-dist/tex/latex/listings/lstlang3.sty
File: lstlang3.sty 2020/03/24 1.8d listings language file
)
(/usr/local/texlive/2020/texmf-dist/tex/latex/listings/lstlang1.sty
File: lstlang1.sty 2020/03/24 1.8d listings language file
)
(/usr/local/texlive/2020/texmf-dist/tex/latex/listings/lstlang2.sty
File: lstlang2.sty 2020/03/24 1.8d listings language file
)
(/usr/local/texlive/2020/texmf-dist/tex/latex/listings/lstlang3.sty
File: lstlang3.sty 2020/03/24 1.8d listings language file
)
(/usr/local/texlive/2020/texmf-dist/tex/latex/listings/lstlang1.sty
File: lstlang1.sty 2020/03/24 1.8d listings language file
)
(/usr/local/texlive/2020/texmf-dist/tex/latex/listings/lstlang2.sty
File: lstlang2.sty 2020/03/24 1.8d listings language file
)
(/usr/local/texlive/2020/texmf-dist/tex/latex/listings/lstlang3.sty
File: lstlang3.sty 2020/03/24 1.8d listings language file
)
(/usr/local/texlive/2020/texmf-dist/tex/latex/listings/lstmisc.sty
File: lstmisc.sty 2020/03/24 1.8d (Carsten Heinz)
))
(/usr/local/texlive/2020/texmf-dist/tex/latex/framed/framed.sty
Package: framed 2011/10/22 v 0.96: framed or shaded text with page breaks
\OuterFrameSep=\skip63
\fb@frw=\dimen297
\fb@frh=\dimen298
\FrameRule=\dimen299
\FrameSep=\dimen300
)
(/usr/local/texlive/2020/texmf-dist/tex/latex/l3backend/l3backend-pdfmode.def
File: l3backend-pdfmode.def 2020-03-12 L3 backend support: PDF mode
\l__kernel_color_stack_int=\count329
\l__pdf_internal_box=\box80
)
(./LaTeX_for_Beginner_169.aux)
\openout1 = `LaTeX_for_Beginner_169.aux'.

LaTeX Font Info:    Checking defaults for OML/cmm/m/it on input line 17.
LaTeX Font Info:    ... okay on input line 17.
LaTeX Font Info:    Checking defaults for OMS/cmsy/m/n on input line 17.
LaTeX Font Info:    ... okay on input line 17.
LaTeX Font Info:    Checking defaults for OT1/cmr/m/n on input line 17.
LaTeX Font Info:    ... okay on input line 17.
LaTeX Font Info:    Checking defaults for T1/cmr/m/n on input line 17.
LaTeX Font Info:    ... okay on input line 17.
LaTeX Font Info:    Checking defaults for TS1/cmr/m/n on input line 17.
LaTeX Font Info:    ... okay on input line 17.
LaTeX Font Info:    Checking defaults for OMX/cmex/m/n on input line 17.
LaTeX Font Info:    ... okay on input line 17.
LaTeX Font Info:    Checking defaults for U/cmr/m/n on input line 17.
LaTeX Font Info:    ... okay on input line 17.
LaTeX Font Info:    Checking defaults for PD1/pdf/m/n on input line 17.
LaTeX Font Info:    ... okay on input line 17.
LaTeX Font Info:    Checking defaults for LUC/nanummj/m/n on input line 17.
LaTeX Font Info:    Trying to load font information for LUC+nanummj on input li
ne 17.

(/usr/local/texlive/2020/texmf-dist/tex/latex/nanumtype1/lucnanummj.fd
File: lucnanummj.fd 2013/02/12 v0.1 Nanum Myeongjo font definitions
)
LaTeX Font Info:    ... okay on input line 17.

*geometry* driver: auto-detecting
*geometry* detected driver: pdftex
*geometry* verbose mode - [ preamble ] result:
* driver: pdftex
* paper: custom
* layout: <same size as paper>
* layoutoffset:(h,v)=(0.0pt,0.0pt)
* modes: includehead includefoot 
* h-part:(L,W,R)=(59.22636pt, 290.74263pt, 14.22636pt)
* v-part:(T,H,B)=(0.0pt, 273.14662pt, 0.0pt)
* \paperwidth=364.19536pt
* \paperheight=273.14662pt
* \textwidth=290.74263pt
* \textheight=244.6939pt
* \oddsidemargin=-13.04362pt
* \evensidemargin=-13.04362pt
* \topmargin=-72.26999pt
* \headheight=14.22636pt
* \headsep=0.0pt
* \topskip=11.0pt
* \footskip=14.22636pt
* \marginparwidth=4.0pt
* \marginparsep=10.0pt
* \columnsep=10.0pt
* \skip\footins=10.0pt plus 4.0pt minus 2.0pt
* \hoffset=0.0pt
* \voffset=0.0pt
* \mag=1000
* \@twocolumnfalse
* \@twosidefalse
* \@mparswitchfalse
* \@reversemarginfalse
* (1in=72.27pt=25.4mm, 1cm=28.453pt)

(/usr/local/texlive/2020/texmf-dist/tex/context/base/mkii/supp-pdf.mkii
[Loading MPS to PDF converter (version 2006.09.02).]
\scratchcounter=\count330
\scratchdimen=\dimen301
\scratchbox=\box81
\nofMPsegments=\count331
\nofMParguments=\count332
\everyMPshowfont=\toks50
\MPscratchCnt=\count333
\MPscratchDim=\dimen302
\MPnumerator=\count334
\makeMPintoPDFobject=\count335
\everyMPtoPDFconversion=\toks51
) (/usr/local/texlive/2020/texmf-dist/tex/latex/epstopdf-pkg/epstopdf-base.sty
Package: epstopdf-base 2020-01-24 v2.11 Base part for package epstopdf
Package epstopdf-base Info: Redefining graphics rule for `.eps' on input line 4
85.

(/usr/local/texlive/2020/texmf-dist/tex/latex/latexconfig/epstopdf-sys.cfg
File: epstopdf-sys.cfg 2010/07/13 v1.3 Configuration of (r)epstopdf for TeX Liv
e
))
ABD: EveryShipout initializing macros
\AtBeginShipoutBox=\box82
Package hyperref Info: Link coloring OFF on input line 17.

(/usr/local/texlive/2020/texmf-dist/tex/latex/hyperref/nameref.sty
Package: nameref 2019/09/16 v2.46 Cross-referencing by name of section

(/usr/local/texlive/2020/texmf-dist/tex/latex/refcount/refcount.sty
Package: refcount 2019/12/15 v3.6 Data extraction from label references (HO)
)
(/usr/local/texlive/2020/texmf-dist/tex/generic/gettitlestring/gettitlestring.s
ty
Package: gettitlestring 2019/12/15 v1.6 Cleanup title references (HO)
)
\c@section@level=\count336
)
LaTeX Info: Redefining \ref on input line 17.
LaTeX Info: Redefining \pageref on input line 17.
LaTeX Info: Redefining \nameref on input line 17.
 (./LaTeX_for_Beginner_169.out) (./LaTeX_for_Beginner_169.out)
\@outlinefile=\write5
\openout5 = `LaTeX_for_Beginner_169.out'.


(/usr/local/texlive/2020/texmf-dist/tex/latex/translator/translator-basic-dicti
onary-English.dict
Dictionary: translator-basic-dictionary, Language: English 
)
(/usr/local/texlive/2020/texmf-dist/tex/latex/translator/translator-bibliograph
y-dictionary-English.dict
Dictionary: translator-bibliography-dictionary, Language: English 
)
(/usr/local/texlive/2020/texmf-dist/tex/latex/translator/translator-environment
-dictionary-English.dict
Dictionary: translator-environment-dictionary, Language: English 
)
(/usr/local/texlive/2020/texmf-dist/tex/latex/translator/translator-months-dict
ionary-English.dict
Dictionary: translator-months-dictionary, Language: English 
)
(/usr/local/texlive/2020/texmf-dist/tex/latex/translator/translator-numbers-dic
tionary-English.dict
Dictionary: translator-numbers-dictionary, Language: English 
)
(/usr/local/texlive/2020/texmf-dist/tex/latex/translator/translator-theorem-dic
tionary-English.dict
Dictionary: translator-theorem-dictionary, Language: English 
)
\c@lstlisting=\count337
 (./LaTeX_for_Beginner_169.nav)
<./logo/gshslogo.png, id=49, 438.8897pt x 436.63126pt>
File: ./logo/gshslogo.png Graphic file (type png)
<use ./logo/gshslogo.png>
Package pdftex.def Info: ./logo/gshslogo.png  used on input line 17.
(pdftex.def)             Requested size: 22.76219pt x 22.63899pt.
<./logo/gshslogo2.jpg, id=50, 300.6432pt x 300.6432pt>
File: ./logo/gshslogo2.jpg Graphic file (type jpg)
<use ./logo/gshslogo2.jpg>
Package pdftex.def Info: ./logo/gshslogo2.jpg  used on input line 22.
(pdftex.def)             Requested size: 254.93564pt x 254.9332pt.
LaTeX Font Info:    Trying to load font information for U+msa on input line 22.


(/usr/local/texlive/2020/texmf-dist/tex/latex/amsfonts/umsa.fd
File: umsa.fd 2013/01/14 v3.01 AMS symbols A
)
LaTeX Font Info:    Trying to load font information for U+msb on input line 22.


(/usr/local/texlive/2020/texmf-dist/tex/latex/amsfonts/umsb.fd
File: umsb.fd 2013/01/14 v3.01 AMS symbols B
) [1

{/usr/local/texlive/2020/texmf-var/fonts/map/pdftex/updmap/pdftex.map} <./logo/
gshslogo2.jpg>] (./LaTeX_for_Beginner_169.toc)
Overfull \hbox (45.0pt too wide) detected at line 27
 [] 
 []


Overfull \hbox (6.52002pt too wide) in paragraph at lines 27--27
[]|  [][][]  
 []

File: ./logo/gshslogo.png Graphic file (type png)
<use ./logo/gshslogo.png>
Package pdftex.def Info: ./logo/gshslogo.png  used on input line 27.
(pdftex.def)             Requested size: 22.76219pt x 22.63899pt.
[2

 <./logo/gshslogo.png>]
\openout4 = `LaTeX_for_Beginner_169.vrb'.

 (./LaTeX_for_Beginner_169.vrb)
Overfull \hbox (45.0pt too wide) detected at line 46
 [] 
 []


Overfull \hbox (6.52002pt too wide) in paragraph at lines 46--46
[]|  [][][]  
 []

File: ./logo/gshslogo.png Graphic file (type png)
<use ./logo/gshslogo.png>
Package pdftex.def Info: ./logo/gshslogo.png  used on input line 46.
(pdftex.def)             Requested size: 22.76219pt x 22.63899pt.
[3

]
LaTeX Font Info:    Trying to load font information for LUC+nanumgt on input li
ne 56.
 (/usr/local/texlive/2020/texmf-dist/tex/latex/nanumtype1/lucnanumgt.fd
File: lucnanumgt.fd 2013/02/12 v0.1 Nanum Gothic font definitions
)
Overfull \hbox (45.0pt too wide) detected at line 56
 [] 
 []


Overfull \hbox (6.52002pt too wide) in paragraph at lines 56--56
[]|  [][][]  
 []

File: ./logo/gshslogo.png Graphic file (type png)
<use ./logo/gshslogo.png>
Package pdftex.def Info: ./logo/gshslogo.png  used on input line 56.
(pdftex.def)             Requested size: 22.76219pt x 22.63899pt.
[4

]
Overfull \hbox (45.0pt too wide) detected at line 56
 [] 
 []


Overfull \hbox (6.52002pt too wide) in paragraph at lines 56--56
[]|  [][][]  
 []

File: ./logo/gshslogo.png Graphic file (type png)
<use ./logo/gshslogo.png>
Package pdftex.def Info: ./logo/gshslogo.png  used on input line 56.
(pdftex.def)             Requested size: 22.76219pt x 22.63899pt.
[5

]
Overfull \hbox (45.0pt too wide) detected at line 56
 [] 
 []


Overfull \hbox (6.52002pt too wide) in paragraph at lines 56--56
[]|  [][][]  
 []

File: ./logo/gshslogo.png Graphic file (type png)
<use ./logo/gshslogo.png>
Package pdftex.def Info: ./logo/gshslogo.png  used on input line 56.
(pdftex.def)             Requested size: 22.76219pt x 22.63899pt.
[6

] (./LaTeX_for_Beginner_169.toc)
Overfull \hbox (45.0pt too wide) detected at line 62
 [] 
 []


Overfull \hbox (6.52002pt too wide) in paragraph at lines 62--62
[]|  [][][]  
 []

File: ./logo/gshslogo.png Graphic file (type png)
<use ./logo/gshslogo.png>
Package pdftex.def Info: ./logo/gshslogo.png  used on input line 62.
(pdftex.def)             Requested size: 22.76219pt x 22.63899pt.
[7

]
\openout4 = `LaTeX_for_Beginner_169.vrb'.

 (./LaTeX_for_Beginner_169.vrb)
Overfull \hbox (45.0pt too wide) detected at line 77
 [] 
 []


Overfull \hbox (6.52002pt too wide) in paragraph at lines 77--77
[]|  [][][]  
 []

File: ./logo/gshslogo.png Graphic file (type png)
<use ./logo/gshslogo.png>
Package pdftex.def Info: ./logo/gshslogo.png  used on input line 77.
(pdftex.def)             Requested size: 22.76219pt x 22.63899pt.
[8

]
\openout4 = `LaTeX_for_Beginner_169.vrb'.

 (./LaTeX_for_Beginner_169.vrb
LaTeX Font Info:    Trying to load font information for OMS+cmss on input line 
7.
LaTeX Font Info:    No file OMScmss.fd. on input line 7.


LaTeX Font Warning: Font shape `OMS/cmss/m/n' undefined
(Font)              using `OMS/cmsy/m/n' instead
(Font)              for symbol `textbackslash' on input line 7.

)
Overfull \hbox (45.0pt too wide) detected at line 91
 [] 
 []


Overfull \hbox (6.52002pt too wide) in paragraph at lines 91--91
[]|  [][][]  
 []

File: ./logo/gshslogo.png Graphic file (type png)
<use ./logo/gshslogo.png>
Package pdftex.def Info: ./logo/gshslogo.png  used on input line 91.
(pdftex.def)             Requested size: 22.76219pt x 22.63899pt.
[9

]
\openout4 = `LaTeX_for_Beginner_169.vrb'.

 (./LaTeX_for_Beginner_169.vrb
LaTeX Font Info:    Font shape `OT1/cmtt/bx/n' in size <6> not available
(Font)              Font shape `OT1/cmtt/m/n' tried instead on input line 8.
)
Overfull \hbox (45.0pt too wide) detected at line 144
 [] 
 []


Overfull \hbox (6.52002pt too wide) in paragraph at lines 144--144
[]|  [][][]  
 []

File: ./logo/gshslogo.png Graphic file (type png)
<use ./logo/gshslogo.png>
Package pdftex.def Info: ./logo/gshslogo.png  used on input line 144.
(pdftex.def)             Requested size: 22.76219pt x 22.63899pt.
[10

] (./LaTeX_for_Beginner_169.toc)
Overfull \hbox (45.0pt too wide) detected at line 150
 [] 
 []


Overfull \hbox (6.52002pt too wide) in paragraph at lines 150--150
[]|  [][][]  
 []

File: ./logo/gshslogo.png Graphic file (type png)
<use ./logo/gshslogo.png>
Package pdftex.def Info: ./logo/gshslogo.png  used on input line 150.
(pdftex.def)             Requested size: 22.76219pt x 22.63899pt.
[11

]
\openout4 = `LaTeX_for_Beginner_169.vrb'.

 (./LaTeX_for_Beginner_169.vrb)
Overfull \hbox (45.0pt too wide) detected at line 175
 [] 
 []


Overfull \hbox (6.52002pt too wide) in paragraph at lines 175--175
[]|  [][][]  
 []

File: ./logo/gshslogo.png Graphic file (type png)
<use ./logo/gshslogo.png>
Package pdftex.def Info: ./logo/gshslogo.png  used on input line 175.
(pdftex.def)             Requested size: 22.76219pt x 22.63899pt.
[12

]
\openout4 = `LaTeX_for_Beginner_169.vrb'.

 (./LaTeX_for_Beginner_169.vrb
LaTeX Font Info:    Trying to load font information for OMS+cmtt on input line 
5.
LaTeX Font Info:    No file OMScmtt.fd. on input line 5.


LaTeX Font Warning: Font shape `OMS/cmtt/m/n' undefined
(Font)              using `OMS/cmsy/m/n' instead
(Font)              for symbol `textbackslash' on input line 5.

)
Overfull \hbox (45.0pt too wide) detected at line 196
 [] 
 []


Overfull \hbox (6.52002pt too wide) in paragraph at lines 196--196
[]|  [][][]  
 []

File: ./logo/gshslogo.png Graphic file (type png)
<use ./logo/gshslogo.png>
Package pdftex.def Info: ./logo/gshslogo.png  used on input line 196.
(pdftex.def)             Requested size: 22.76219pt x 22.63899pt.
[13

]
\openout4 = `LaTeX_for_Beginner_169.vrb'.

 (./LaTeX_for_Beginner_169.vrb)
Overfull \hbox (45.0pt too wide) detected at line 207
 [] 
 []


Overfull \hbox (6.52002pt too wide) in paragraph at lines 207--207
[]|  [][][]  
 []

File: ./logo/gshslogo.png Graphic file (type png)
<use ./logo/gshslogo.png>
Package pdftex.def Info: ./logo/gshslogo.png  used on input line 207.
(pdftex.def)             Requested size: 22.76219pt x 22.63899pt.
[14

] (./LaTeX_for_Beginner_169.toc)
Overfull \hbox (45.0pt too wide) detected at line 213
 [] 
 []


Overfull \hbox (6.52002pt too wide) in paragraph at lines 213--213
[]|  [][][]  
 []

File: ./logo/gshslogo.png Graphic file (type png)
<use ./logo/gshslogo.png>
Package pdftex.def Info: ./logo/gshslogo.png  used on input line 213.
(pdftex.def)             Requested size: 22.76219pt x 22.63899pt.
[15

]
\openout4 = `LaTeX_for_Beginner_169.vrb'.

 (./LaTeX_for_Beginner_169.vrb)
Overfull \hbox (45.0pt too wide) detected at line 233
 [] 
 []


Overfull \hbox (6.52002pt too wide) in paragraph at lines 233--233
[]|  [][][]  
 []

File: ./logo/gshslogo.png Graphic file (type png)
<use ./logo/gshslogo.png>
Package pdftex.def Info: ./logo/gshslogo.png  used on input line 233.
(pdftex.def)             Requested size: 22.76219pt x 22.63899pt.
[16

]
<./test_article/article001.pdf, id=351, 597.50829pt x 845.0471pt>
File: ./test_article/article001.pdf Graphic file (type pdf)
<use ./test_article/article001.pdf>
Package pdftex.def Info: ./test_article/article001.pdf  used on input line 243.

(pdftex.def)             Requested size: 271.94264pt x 110.20822pt.

Overfull \hbox (45.0pt too wide) detected at line 243
 [] 
 []


Overfull \hbox (6.52002pt too wide) in paragraph at lines 243--243
[]|  [][][]  
 []

File: ./logo/gshslogo.png Graphic file (type png)
<use ./logo/gshslogo.png>
Package pdftex.def Info: ./logo/gshslogo.png  used on input line 243.
(pdftex.def)             Requested size: 22.76219pt x 22.63899pt.
[17

 <./test_article/article001.pdf>] (./LaTeX_for_Beginner_169.toc)
Overfull \hbox (45.0pt too wide) detected at line 250
 [] 
 []


Overfull \hbox (6.52002pt too wide) in paragraph at lines 250--250
[]|  [][][]  
 []

File: ./logo/gshslogo.png Graphic file (type png)
<use ./logo/gshslogo.png>
Package pdftex.def Info: ./logo/gshslogo.png  used on input line 250.
(pdftex.def)             Requested size: 22.76219pt x 22.63899pt.
[18

]
\openout4 = `LaTeX_for_Beginner_169.vrb'.

 (./LaTeX_for_Beginner_169.vrb)
Overfull \hbox (45.0pt too wide) detected at line 265
 [] 
 []


Overfull \hbox (6.52002pt too wide) in paragraph at lines 265--265
[]|  [][][]  
 []

File: ./logo/gshslogo.png Graphic file (type png)
<use ./logo/gshslogo.png>
Package pdftex.def Info: ./logo/gshslogo.png  used on input line 265.
(pdftex.def)             Requested size: 22.76219pt x 22.63899pt.
[19

]
<./test_article/article002.pdf, id=435, 597.50829pt x 845.0471pt>
File: ./test_article/article002.pdf Graphic file (type pdf)
<use ./test_article/article002.pdf>
Package pdftex.def Info: ./test_article/article002.pdf  used on input line 274.

(pdftex.def)             Requested size: 271.94264pt x 110.20822pt.

Overfull \hbox (45.0pt too wide) detected at line 274
 [] 
 []


Overfull \hbox (6.52002pt too wide) in paragraph at lines 274--274
[]|  [][][]  
 []

File: ./logo/gshslogo.png Graphic file (type png)
<use ./logo/gshslogo.png>
Package pdftex.def Info: ./logo/gshslogo.png  used on input line 274.
(pdftex.def)             Requested size: 22.76219pt x 22.63899pt.
[20

 <./test_article/article002.pdf>]
\openout4 = `LaTeX_for_Beginner_169.vrb'.

 (./LaTeX_for_Beginner_169.vrb)
Overfull \hbox (45.0pt too wide) detected at line 289
 [] 
 []


Overfull \hbox (6.52002pt too wide) in paragraph at lines 289--289
[]|  [][][]  
 []

File: ./logo/gshslogo.png Graphic file (type png)
<use ./logo/gshslogo.png>
Package pdftex.def Info: ./logo/gshslogo.png  used on input line 289.
(pdftex.def)             Requested size: 22.76219pt x 22.63899pt.
[21

]
<./test_article/article003.pdf, id=475, 597.50829pt x 845.0471pt>
File: ./test_article/article003.pdf Graphic file (type pdf)
<use ./test_article/article003.pdf>
Package pdftex.def Info: ./test_article/article003.pdf  used on input line 298.

(pdftex.def)             Requested size: 271.94264pt x 110.20822pt.

Overfull \hbox (45.0pt too wide) detected at line 298
 [] 
 []


Overfull \hbox (6.52002pt too wide) in paragraph at lines 298--298
[]|  [][][]  
 []

File: ./logo/gshslogo.png Graphic file (type png)
<use ./logo/gshslogo.png>
Package pdftex.def Info: ./logo/gshslogo.png  used on input line 298.
(pdftex.def)             Requested size: 22.76219pt x 22.63899pt.
[22

 <./test_article/article003.pdf>]
\openout4 = `LaTeX_for_Beginner_169.vrb'.

 (./LaTeX_for_Beginner_169.vrb
<./test_article/article004.pdf, id=501, 597.50829pt x 845.0471pt>
File: ./test_article/article004.pdf Graphic file (type pdf)
<use ./test_article/article004.pdf>
Package pdftex.def Info: ./test_article/article004.pdf  used on input line 13.
(pdftex.def)             Requested size: 190.35901pt x 77.14609pt.
)
Overfull \hbox (45.0pt too wide) detected at line 314
 [] 
 []


Overfull \hbox (6.52002pt too wide) in paragraph at lines 314--314
[]|  [][][]  
 []

File: ./logo/gshslogo.png Graphic file (type png)
<use ./logo/gshslogo.png>
Package pdftex.def Info: ./logo/gshslogo.png  used on input line 314.
(pdftex.def)             Requested size: 22.76219pt x 22.63899pt.
[23

 <./test_article/article004.pdf>]
\openout4 = `LaTeX_for_Beginner_169.vrb'.

 (./LaTeX_for_Beginner_169.vrb
<./test_article/article005.pdf, id=526, 597.50829pt x 845.0471pt>
File: ./test_article/article005.pdf Graphic file (type pdf)
<use ./test_article/article005.pdf>
Package pdftex.def Info: ./test_article/article005.pdf  used on input line 13.
(pdftex.def)             Requested size: 190.35901pt x 69.7982pt.
)
Overfull \hbox (45.0pt too wide) detected at line 331
 [] 
 []


Overfull \hbox (6.52002pt too wide) in paragraph at lines 331--331
[]|  [][][]  
 []

File: ./logo/gshslogo.png Graphic file (type png)
<use ./logo/gshslogo.png>
Package pdftex.def Info: ./logo/gshslogo.png  used on input line 331.
(pdftex.def)             Requested size: 22.76219pt x 22.63899pt.
[24

 <./test_article/article005.pdf>]
\openout4 = `LaTeX_for_Beginner_169.vrb'.

 (./LaTeX_for_Beginner_169.vrb)
Overfull \hbox (45.0pt too wide) detected at line 346
 [] 
 []


Overfull \hbox (6.52002pt too wide) in paragraph at lines 346--346
[]|  [][][]  
 []

File: ./logo/gshslogo.png Graphic file (type png)
<use ./logo/gshslogo.png>
Package pdftex.def Info: ./logo/gshslogo.png  used on input line 346.
(pdftex.def)             Requested size: 22.76219pt x 22.63899pt.
[25

]
<./test_article/article006.pdf, id=567, 597.50829pt x 845.0471pt>
File: ./test_article/article006.pdf Graphic file (type pdf)
<use ./test_article/article006.pdf>
Package pdftex.def Info: ./test_article/article006.pdf  used on input line 355.

(pdftex.def)             Requested size: 190.35901pt x 87.9276pt.

Overfull \hbox (45.0pt too wide) detected at line 355
 [] 
 []


Overfull \hbox (6.52002pt too wide) in paragraph at lines 355--355
[]|  [][][]  
 []

File: ./logo/gshslogo.png Graphic file (type png)
<use ./logo/gshslogo.png>
Package pdftex.def Info: ./logo/gshslogo.png  used on input line 355.
(pdftex.def)             Requested size: 22.76219pt x 22.63899pt.
[26

 <./test_article/article006.pdf>] (./LaTeX_for_Beginner_169.toc)
Overfull \hbox (45.0pt too wide) detected at line 361
 [] 
 []


Overfull \hbox (6.52002pt too wide) in paragraph at lines 361--361
[]|  [][][]  
 []

File: ./logo/gshslogo.png Graphic file (type png)
<use ./logo/gshslogo.png>
Package pdftex.def Info: ./logo/gshslogo.png  used on input line 361.
(pdftex.def)             Requested size: 22.76219pt x 22.63899pt.
[27

]
\openout4 = `LaTeX_for_Beginner_169.vrb'.

 (./LaTeX_for_Beginner_169.vrb)
Overfull \hbox (45.0pt too wide) detected at line 378
 [] 
 []


Overfull \hbox (6.52002pt too wide) in paragraph at lines 378--378
[]|  [][][]  
 []

File: ./logo/gshslogo.png Graphic file (type png)
<use ./logo/gshslogo.png>
Package pdftex.def Info: ./logo/gshslogo.png  used on input line 378.
(pdftex.def)             Requested size: 22.76219pt x 22.63899pt.
[28

]
<./test_article/article007.pdf, id=634, 597.50829pt x 845.0471pt>
File: ./test_article/article007.pdf Graphic file (type pdf)
<use ./test_article/article007.pdf>
Package pdftex.def Info: ./test_article/article007.pdf  used on input line 387.

(pdftex.def)             Requested size: 271.94264pt x 164.45874pt.

Overfull \hbox (45.0pt too wide) detected at line 387
 [] 
 []


Overfull \hbox (6.52002pt too wide) in paragraph at lines 387--387
[]|  [][][]  
 []

File: ./logo/gshslogo.png Graphic file (type png)
<use ./logo/gshslogo.png>
Package pdftex.def Info: ./logo/gshslogo.png  used on input line 387.
(pdftex.def)             Requested size: 22.76219pt x 22.63899pt.
[29

 <./test_article/article007.pdf>]
\openout4 = `LaTeX_for_Beginner_169.vrb'.

 (./LaTeX_for_Beginner_169.vrb)
Overfull \hbox (45.0pt too wide) detected at line 411
 [] 
 []


Overfull \hbox (6.52002pt too wide) in paragraph at lines 411--411
[]|  [][][]  
 []

File: ./logo/gshslogo.png Graphic file (type png)
<use ./logo/gshslogo.png>
Package pdftex.def Info: ./logo/gshslogo.png  used on input line 411.
(pdftex.def)             Requested size: 22.76219pt x 22.63899pt.
[30

]
<./test_article/article008.pdf, id=677, 597.50829pt x 845.0471pt>
File: ./test_article/article008.pdf Graphic file (type pdf)
<use ./test_article/article008.pdf>
Package pdftex.def Info: ./test_article/article008.pdf  used on input line 420.

(pdftex.def)             Requested size: 271.94264pt x 164.45874pt.

Overfull \hbox (45.0pt too wide) detected at line 420
 [] 
 []


Overfull \hbox (6.52002pt too wide) in paragraph at lines 420--420
[]|  [][][]  
 []

File: ./logo/gshslogo.png Graphic file (type png)
<use ./logo/gshslogo.png>
Package pdftex.def Info: ./logo/gshslogo.png  used on input line 420.
(pdftex.def)             Requested size: 22.76219pt x 22.63899pt.
[31

 <./test_article/article008.pdf>] (./LaTeX_for_Beginner_169.toc)
Overfull \hbox (45.0pt too wide) detected at line 426
 [] 
 []


Overfull \hbox (6.52002pt too wide) in paragraph at lines 426--426
[]|  [][][]  
 []

File: ./logo/gshslogo.png Graphic file (type png)
<use ./logo/gshslogo.png>
Package pdftex.def Info: ./logo/gshslogo.png  used on input line 426.
(pdftex.def)             Requested size: 22.76219pt x 22.63899pt.
[32

]
\openout4 = `LaTeX_for_Beginner_169.vrb'.

 (./LaTeX_for_Beginner_169.vrb
LaTeX Font Info:    Trying to load font information for TS1+cmtt on input line 
12.

(/usr/local/texlive/2020/texmf-dist/tex/latex/base/ts1cmtt.fd
File: ts1cmtt.fd 2019/12/16 v2.5j Standard LaTeX font definitions
))
Overfull \hbox (45.0pt too wide) detected at line 445
 [] 
 []


Overfull \hbox (6.52002pt too wide) in paragraph at lines 445--445
[]|  [][][]  
 []

File: ./logo/gshslogo.png Graphic file (type png)
<use ./logo/gshslogo.png>
Package pdftex.def Info: ./logo/gshslogo.png  used on input line 445.
(pdftex.def)             Requested size: 22.76219pt x 22.63899pt.
[33

]
<./test_article/article009.pdf, id=746, 597.50829pt x 845.0471pt>
File: ./test_article/article009.pdf Graphic file (type pdf)
<use ./test_article/article009.pdf>
Package pdftex.def Info: ./test_article/article009.pdf  used on input line 454.

(pdftex.def)             Requested size: 271.94264pt x 99.71124pt.

Overfull \hbox (45.0pt too wide) detected at line 454
 [] 
 []


Overfull \hbox (6.52002pt too wide) in paragraph at lines 454--454
[]|  [][][]  
 []

File: ./logo/gshslogo.png Graphic file (type png)
<use ./logo/gshslogo.png>
Package pdftex.def Info: ./logo/gshslogo.png  used on input line 454.
(pdftex.def)             Requested size: 22.76219pt x 22.63899pt.
[34

 <./test_article/article009.pdf>]
\openout4 = `LaTeX_for_Beginner_169.vrb'.

 (./LaTeX_for_Beginner_169.vrb
<./test_article/article010.pdf, id=789, 597.50829pt x 845.0471pt>
File: ./test_article/article010.pdf Graphic file (type pdf)
<use ./test_article/article010.pdf>
Package pdftex.def Info: ./test_article/article010.pdf  used on input line 18.
(pdftex.def)             Requested size: 271.94264pt x 40.1435pt.
)
Overfull \hbox (45.0pt too wide) detected at line 475
 [] 
 []


Overfull \hbox (6.52002pt too wide) in paragraph at lines 475--475
[]|  [][][]  
 []

File: ./logo/gshslogo.png Graphic file (type png)
<use ./logo/gshslogo.png>
Package pdftex.def Info: ./logo/gshslogo.png  used on input line 475.
(pdftex.def)             Requested size: 22.76219pt x 22.63899pt.
[35

 <./test_article/article010.pdf>]
\openout4 = `LaTeX_for_Beginner_169.vrb'.

 (./LaTeX_for_Beginner_169.vrb
<./test_article/article011.pdf, id=833, 597.50829pt x 845.0471pt>
File: ./test_article/article011.pdf Graphic file (type pdf)
<use ./test_article/article011.pdf>
Package pdftex.def Info: ./test_article/article011.pdf  used on input line 17.
(pdftex.def)             Requested size: 271.94264pt x 55.68303pt.
)
Overfull \hbox (45.0pt too wide) detected at line 495
 [] 
 []


Overfull \hbox (6.52002pt too wide) in paragraph at lines 495--495
[]|  [][][]  
 []

File: ./logo/gshslogo.png Graphic file (type png)
<use ./logo/gshslogo.png>
Package pdftex.def Info: ./logo/gshslogo.png  used on input line 495.
(pdftex.def)             Requested size: 22.76219pt x 22.63899pt.
[36

 <./test_article/article011.pdf>]
\openout4 = `LaTeX_for_Beginner_169.vrb'.

 (./LaTeX_for_Beginner_169.vrb
<./test_article/article012.pdf, id=874, 597.50829pt x 845.0471pt>
File: ./test_article/article012.pdf Graphic file (type pdf)
<use ./test_article/article012.pdf>
Package pdftex.def Info: ./test_article/article012.pdf  used on input line 15.
(pdftex.def)             Requested size: 271.94264pt x 54.388pt.
)
Overfull \hbox (45.0pt too wide) detected at line 513
 [] 
 []


Overfull \hbox (6.52002pt too wide) in paragraph at lines 513--513
[]|  [][][]  
 []

File: ./logo/gshslogo.png Graphic file (type png)
<use ./logo/gshslogo.png>
Package pdftex.def Info: ./logo/gshslogo.png  used on input line 513.
(pdftex.def)             Requested size: 22.76219pt x 22.63899pt.
[37

 <./test_article/article012.pdf>] (./LaTeX_for_Beginner_169.toc)
Overfull \hbox (45.0pt too wide) detected at line 519
 [] 
 []


Overfull \hbox (6.52002pt too wide) in paragraph at lines 519--519
[]|  [][][]  
 []

File: ./logo/gshslogo.png Graphic file (type png)
<use ./logo/gshslogo.png>
Package pdftex.def Info: ./logo/gshslogo.png  used on input line 519.
(pdftex.def)             Requested size: 22.76219pt x 22.63899pt.
[38

]
<./figures/vector_image.pdf, id=935, 844.15375pt x 597.23125pt>
File: ./figures/vector_image.pdf Graphic file (type pdf)
<use ./figures/vector_image.pdf>
Package pdftex.def Info: ./figures/vector_image.pdf  used on input line 539.
(pdftex.def)             Requested size: 116.29527pt x 82.27219pt.
<./figures/raster_image.png, id=936, 728.7225pt x 515.67656pt>
File: ./figures/raster_image.png Graphic file (type png)
<use ./figures/raster_image.png>
Package pdftex.def Info: ./figures/raster_image.png  used on input line 539.
(pdftex.def)             Requested size: 116.29527pt x 82.28961pt.

Overfull \hbox (45.0pt too wide) detected at line 539
 [] 
 []


Overfull \hbox (6.52002pt too wide) in paragraph at lines 539--539
[]|  [][][]  
 []

File: ./logo/gshslogo.png Graphic file (type png)
<use ./logo/gshslogo.png>
Package pdftex.def Info: ./logo/gshslogo.png  used on input line 539.
(pdftex.def)             Requested size: 22.76219pt x 22.63899pt.
[39

 <./figures/vector_image.pdf> <./figures/raster_image.png>]
\openout4 = `LaTeX_for_Beginner_169.vrb'.


(./LaTeX_for_Beginner_169.vrb
<./test_article/article013.pdf, id=987, 614.295pt x 794.97pt>
File: ./test_article/article013.pdf Graphic file (type pdf)
<use ./test_article/article013.pdf>
Package pdftex.def Info: ./test_article/article013.pdf  used on input line 18.
(pdftex.def)             Requested size: 271.94264pt x 49.6269pt.
)
Overfull \hbox (45.0pt too wide) detected at line 560
 [] 
 []


Overfull \hbox (6.52002pt too wide) in paragraph at lines 560--560
[]|  [][][]  
 []

File: ./logo/gshslogo.png Graphic file (type png)
<use ./logo/gshslogo.png>
Package pdftex.def Info: ./logo/gshslogo.png  used on input line 560.
(pdftex.def)             Requested size: 22.76219pt x 22.63899pt.
[40

 <./test_article/article013.pdf>]
\openout4 = `LaTeX_for_Beginner_169.vrb'.

 (./LaTeX_for_Beginner_169.vrb
<./test_article/article014.pdf, id=1034, 614.295pt x 794.97pt>
File: ./test_article/article014.pdf Graphic file (type pdf)
<use ./test_article/article014.pdf>
Package pdftex.def Info: ./test_article/article014.pdf  used on input line 17.
(pdftex.def)             Requested size: 271.94264pt x 87.41391pt.
)
Overfull \hbox (45.0pt too wide) detected at line 580
 [] 
 []


Overfull \hbox (6.52002pt too wide) in paragraph at lines 580--580
[]|  [][][]  
 []

File: ./logo/gshslogo.png Graphic file (type png)
<use ./logo/gshslogo.png>
Package pdftex.def Info: ./logo/gshslogo.png  used on input line 580.
(pdftex.def)             Requested size: 22.76219pt x 22.63899pt.
[41

 <./test_article/article014.pdf>]
\openout4 = `LaTeX_for_Beginner_169.vrb'.

 (./LaTeX_for_Beginner_169.vrb)
Overfull \hbox (45.0pt too wide) detected at line 602
 [] 
 []


Overfull \hbox (6.52002pt too wide) in paragraph at lines 602--602
[]|  [][][]  
 []

File: ./logo/gshslogo.png Graphic file (type png)
<use ./logo/gshslogo.png>
Package pdftex.def Info: ./logo/gshslogo.png  used on input line 602.
(pdftex.def)             Requested size: 22.76219pt x 22.63899pt.
[42

]
Overfull \hbox (45.0pt too wide) detected at line 624
 [] 
 []


Overfull \hbox (6.52002pt too wide) in paragraph at lines 624--624
[]|  [][][]  
 []

File: ./logo/gshslogo.png Graphic file (type png)
<use ./logo/gshslogo.png>
Package pdftex.def Info: ./logo/gshslogo.png  used on input line 624.
(pdftex.def)             Requested size: 22.76219pt x 22.63899pt.
[43

]
\tf@nav=\write6
\openout6 = `LaTeX_for_Beginner_169.nav'.

\tf@toc=\write7
\openout7 = `LaTeX_for_Beginner_169.toc'.

\tf@snm=\write8
\openout8 = `LaTeX_for_Beginner_169.snm'.

Package atveryend Info: Empty hook `BeforeClearDocument' on input line 633.
Package atveryend Info: Empty hook `AfterLastShipout' on input line 633.
 (./LaTeX_for_Beginner_169.aux)
Package atveryend Info: Executing hook `AtVeryEndDocument' on input line 633.
Package atveryend Info: Executing hook `AtEndAfterFileList' on input line 633.
Package rerunfilecheck Info: File `LaTeX_for_Beginner_169.out' has not changed.

(rerunfilecheck)             Checksum: BF1AECFB277F4B51D8862417DFD35BE9;398.


LaTeX Font Warning: Some font shapes were not available, defaults substituted.

 ) 
Here is how much of TeX's memory you used:
 24806 strings out of 480608
 475603 string characters out of 5903631
 1074648 words of memory out of 5000000
 39923 multiletter control sequences out of 15000+600000
 550375 words of font info for 91 fonts, out of 8000000 for 9000
 1141 hyphenation exceptions out of 8191
 65i,20n,74p,809b,2863s stack positions out of 5000i,500n,10000p,200000b,80000s
{/usr/local/texlive/2020/texmf-dist/fonts/enc/dvips/cm-super/cm-super-ts1.enc
}</usr/local/texlive/2020/texmf-dist/fonts/type1/public/amsfonts/cm/cmbx10.pfb>
</usr/local/texlive/2020/texmf-dist/fonts/type1/public/amsfonts/cm/cmcsc10.pfb>
</usr/local/texlive/2020/texmf-dist/fonts/type1/public/amsfonts/cm/cmex10.pfb><
/usr/local/texlive/2020/texmf-dist/fonts/type1/public/amsfonts/cm/cmmi10.pfb></
usr/local/texlive/2020/texmf-dist/fonts/type1/public/amsfonts/cm/cmr10.pfb></us
r/local/texlive/2020/texmf-dist/fonts/type1/public/amsfonts/cm/cmsl10.pfb></usr
/local/texlive/2020/texmf-dist/fonts/type1/public/amsfonts/cm/cmss10.pfb></usr/
local/texlive/2020/texmf-dist/fonts/type1/public/amsfonts/cm/cmss12.pfb></usr/l
ocal/texlive/2020/texmf-dist/fonts/type1/public/amsfonts/cm/cmss17.pfb></usr/lo
cal/texlive/2020/texmf-dist/fonts/type1/public/amsfonts/cm/cmss8.pfb></usr/loca
l/texlive/2020/texmf-dist/fonts/type1/public/amsfonts/cm/cmss9.pfb></usr/local/
texlive/2020/texmf-dist/fonts/type1/public/amsfonts/cm/cmssbx10.pfb></usr/local
/texlive/2020/texmf-dist/fonts/type1/public/amsfonts/cm/cmssi10.pfb></usr/local
/texlive/2020/texmf-dist/fonts/type1/public/amsfonts/cm/cmsy10.pfb></usr/local/
texlive/2020/texmf-dist/fonts/type1/public/amsfonts/cm/cmsy6.pfb></usr/local/te
xlive/2020/texmf-dist/fonts/type1/public/amsfonts/cm/cmsy9.pfb></usr/local/texl
ive/2020/texmf-dist/fonts/type1/public/amsfonts/cm/cmti10.pfb></usr/local/texli
ve/2020/texmf-dist/fonts/type1/public/amsfonts/cm/cmtt10.pfb></usr/local/texliv
e/2020/texmf-dist/fonts/type1/public/amsfonts/cm/cmtt8.pfb></usr/local/texlive/
2020/texmf-dist/fonts/type1/public/nanumtype1/nanumgtbae.pfb></usr/local/texliv
e/2020/texmf-dist/fonts/type1/public/nanumtype1/nanumgtbd5.pfb></usr/local/texl
ive/2020/texmf-dist/fonts/type1/public/cm-super/sfss1095.pfb></usr/local/texliv
e/2020/texmf-dist/fonts/type1/public/cm-super/sfss1440.pfb></usr/local/texlive/
2020/texmf-dist/fonts/type1/public/cm-super/sftt0800.pfb></usr/local/texlive/20
20/texmf-dist/fonts/type1/urw/symbol/usyr.pfb></usr/local/texlive/2020/texmf-di
st/fonts/type1/urw/times/utmb8a.pfb></usr/local/texlive/2020/texmf-dist/fonts/t
ype1/urw/times/utmr8a.pfb></usr/local/texlive/2020/texmf-dist/fonts/type1/urw/t
imes/utmri8a.pfb>
Output written on LaTeX_for_Beginner_169.pdf (43 pages, 585760 bytes).
PDF statistics:
 1210 PDF objects out of 1440 (max. 8388607)
 1058 compressed objects within 11 object streams
 96 named destinations out of 1000 (max. 500000)
 313 words of extra memory for PDF output out of 10000 (max. 10000000)

